{"numFailedTestSuites":0,"numFailedTests":0,"numPassedTestSuites":16,"numPassedTests":88,"numPendingTestSuites":0,"numPendingTests":0,"numRuntimeErrorTestSuites":0,"numTodoTests":0,"numTotalTestSuites":16,"numTotalTests":88,"openHandles":[],"snapshot":{"added":0,"didUpdate":false,"failure":false,"filesAdded":0,"filesRemoved":0,"filesRemovedList":[],"filesUnmatched":0,"filesUpdated":0,"matched":9,"total":9,"unchecked":0,"uncheckedKeysByFile":[],"unmatched":0,"updated":0},"startTime":1578950749982,"success":true,"testResults":[{"assertionResults":[{"ancestorTitles":["Radio"],"failureMessages":[],"fullName":"Radio has the right classes on the root element","location":null,"status":"passed","title":"has the right classes on the root element"},{"ancestorTitles":["Radio"],"failureMessages":[],"fullName":"Radio renders with the correct input type","location":null,"status":"passed","title":"renders with the correct input type"},{"ancestorTitles":["Radio"],"failureMessages":[],"fullName":"Radio correctly passes through the checked prop","location":null,"status":"passed","title":"correctly passes through the checked prop"},{"ancestorTitles":["Radio"],"failureMessages":[],"fullName":"Radio correctly passes through the disabled prop","location":null,"status":"passed","title":"correctly passes through the disabled prop"},{"ancestorTitles":["Radio"],"failureMessages":[],"fullName":"Radio correctly adds a className","location":null,"status":"passed","title":"correctly adds a className"}],"endTime":1578950753442,"message":"","name":"/Users/mark.johnson/code/components/src/components/Input/components/Radio/test.tsx","startTime":1578950751404,"status":"passed","summary":""},{"assertionResults":[{"ancestorTitles":["Drawer"],"failureMessages":[],"fullName":"Drawer Has default classes on all elements; Does not contain 'brew-Drawer--isOpen'","location":null,"status":"passed","title":"Has default classes on all elements; Does not contain 'brew-Drawer--isOpen'"}],"endTime":1578950753481,"message":"","name":"/Users/mark.johnson/code/components/src/components/Drawer/test.tsx","startTime":1578950751428,"status":"passed","summary":""},{"assertionResults":[{"ancestorTitles":["Breadcrumb"],"failureMessages":[],"fullName":"Breadcrumb renders correctly","location":null,"status":"passed","title":"renders correctly"},{"ancestorTitles":["Breadcrumb"],"failureMessages":[],"fullName":"Breadcrumb mounts correctly","location":null,"status":"passed","title":"mounts correctly"},{"ancestorTitles":["Breadcrumb"],"failureMessages":[],"fullName":"Breadcrumb correctly adds a className","location":null,"status":"passed","title":"correctly adds a className"},{"ancestorTitles":["Breadcrumb"],"failureMessages":[],"fullName":"Breadcrumb correctly passes divider prop to display","location":null,"status":"passed","title":"correctly passes divider prop to display"}],"endTime":1578950753517,"message":"","name":"/Users/mark.johnson/code/components/src/components/Breadcrumb/test.tsx","startTime":1578950751433,"status":"passed","summary":""},{"assertionResults":[{"ancestorTitles":["InputBase"],"failureMessages":[],"fullName":"InputBase renders without throwing an error","location":null,"status":"passed","title":"renders without throwing an error"},{"ancestorTitles":["InputBase"],"failureMessages":[],"fullName":"InputBase mounts with the correct class names","location":null,"status":"passed","title":"mounts with the correct class names"},{"ancestorTitles":["InputBase"],"failureMessages":[],"fullName":"InputBase adds the \"brew-Input--disabled\" class when the disabled prop exists","location":null,"status":"passed","title":"adds the \"brew-Input--disabled\" class when the disabled prop exists"},{"ancestorTitles":["InputBase"],"failureMessages":[],"fullName":"InputBase adds the \"brew-Input--hasError\" class when the error prop exists","location":null,"status":"passed","title":"adds the \"brew-Input--hasError\" class when the error prop exists"},{"ancestorTitles":["InputBase"],"failureMessages":[],"fullName":"InputBase adds the \"brew-Input--isFullWidth\" class when the `fullWidth` prop exists","location":null,"status":"passed","title":"adds the \"brew-Input--isFullWidth\" class when the `fullWidth` prop exists"},{"ancestorTitles":["InputBase"],"failureMessages":[],"fullName":"InputBase adds the \"brew-Input--hasBefore\" class when the before prop exists","location":null,"status":"passed","title":"adds the \"brew-Input--hasBefore\" class when the before prop exists"},{"ancestorTitles":["InputBase"],"failureMessages":[],"fullName":"InputBase adds the \"brew-Input--hasAfter\" class when the after prop exists","location":null,"status":"passed","title":"adds the \"brew-Input--hasAfter\" class when the after prop exists"},{"ancestorTitles":["InputBase"],"failureMessages":[],"fullName":"InputBase renders with the checked attribute when the checked prop is added","location":null,"status":"passed","title":"renders with the checked attribute when the checked prop is added"}],"endTime":1578950753535,"message":"","name":"/Users/mark.johnson/code/components/src/components/Input/components/InputBase/test.tsx","startTime":1578950751444,"status":"passed","summary":""},{"assertionResults":[{"ancestorTitles":[],"failureMessages":[],"fullName":"renders correctly","location":null,"status":"passed","title":"renders correctly"},{"ancestorTitles":[],"failureMessages":[],"fullName":"renders children when passed in","location":null,"status":"passed","title":"renders children when passed in"},{"ancestorTitles":[],"failureMessages":[],"fullName":"accepts custom classes","location":null,"status":"passed","title":"accepts custom classes"},{"ancestorTitles":[],"failureMessages":[],"fullName":"\"variant\" defaults to \"inherit\" and applies appropriate class","location":null,"status":"passed","title":"\"variant\" defaults to \"inherit\" and applies appropriate class"},{"ancestorTitles":[],"failureMessages":[],"fullName":"\"color\" defaults to \"initial\" and applies appropriate class","location":null,"status":"passed","title":"\"color\" defaults to \"initial\" and applies appropriate class"},{"ancestorTitles":[],"failureMessages":[],"fullName":"\"display\" defaults to \"initial\" and applies appropriate class","location":null,"status":"passed","title":"\"display\" defaults to \"initial\" and applies appropriate class"},{"ancestorTitles":[],"failureMessages":[],"fullName":"\"align\" defaults to \"inherit\" and applies appropriate class","location":null,"status":"passed","title":"\"align\" defaults to \"inherit\" and applies appropriate class"}],"endTime":1578950753536,"message":"","name":"/Users/mark.johnson/code/components/src/components/Typography/test.tsx","startTime":1578950751474,"status":"passed","summary":""},{"assertionResults":[{"ancestorTitles":["PlaceholderAction"],"failureMessages":[],"fullName":"PlaceholderAction renders correctly","location":null,"status":"passed","title":"renders correctly"},{"ancestorTitles":["PlaceholderAction"],"failureMessages":[],"fullName":"PlaceholderAction mounts correctly","location":null,"status":"passed","title":"mounts correctly"},{"ancestorTitles":["PlaceholderAction"],"failureMessages":[],"fullName":"PlaceholderAction correctly adds a className","location":null,"status":"passed","title":"correctly adds a className"},{"ancestorTitles":["PlaceholderAction"],"failureMessages":[],"fullName":"PlaceholderAction variant defaults to \"primary\" and applies appropriate class","location":null,"status":"passed","title":"variant defaults to \"primary\" and applies appropriate class"},{"ancestorTitles":["PlaceholderAction"],"failureMessages":[],"fullName":"PlaceholderAction variant \"secondary\" applies appropriate class","location":null,"status":"passed","title":"variant \"secondary\" applies appropriate class"}],"endTime":1578950753549,"message":"","name":"/Users/mark.johnson/code/components/src/components/Placeholder/components/PlaceholderAction/test.tsx","startTime":1578950751458,"status":"passed","summary":""},{"assertionResults":[{"ancestorTitles":["TextInput"],"failureMessages":[],"fullName":"TextInput renders without error","location":null,"status":"passed","title":"renders without error"},{"ancestorTitles":["TextInput"],"failureMessages":[],"fullName":"TextInput uses InputBase","location":null,"status":"passed","title":"uses InputBase"},{"ancestorTitles":["TextInput"],"failureMessages":[],"fullName":"TextInput properly passes through an input type","location":null,"status":"passed","title":"properly passes through an input type"},{"ancestorTitles":["TextInput"],"failureMessages":[],"fullName":"TextInput has the correct class names","location":null,"status":"passed","title":"has the correct class names"},{"ancestorTitles":["TextInput"],"failureMessages":[],"fullName":"TextInput properly passes through a className","location":null,"status":"passed","title":"properly passes through a className"},{"ancestorTitles":["TextInput"],"failureMessages":[],"fullName":"TextInput correctly adds the before prop","location":null,"status":"passed","title":"correctly adds the before prop"},{"ancestorTitles":["TextInput"],"failureMessages":[],"fullName":"TextInput correctly adds an after prop","location":null,"status":"passed","title":"correctly adds an after prop"}],"endTime":1578950753558,"message":"","name":"/Users/mark.johnson/code/components/src/components/Input/components/TextInput/test.tsx","startTime":1578950751357,"status":"passed","summary":""},{"assertionResults":[{"ancestorTitles":["Input"],"failureMessages":[],"fullName":"Input renders a checkbox when the variant prop equals \"checkbox\"","location":null,"status":"passed","title":"renders a checkbox when the variant prop equals \"checkbox\""},{"ancestorTitles":["Input"],"failureMessages":[],"fullName":"Input renders a radio input when the variant prop equals \"radio\"","location":null,"status":"passed","title":"renders a radio input when the variant prop equals \"radio\""},{"ancestorTitles":["Input"],"failureMessages":[],"fullName":"Input renders a text input when the variant prop equals \"text\"","location":null,"status":"passed","title":"renders a text input when the variant prop equals \"text\""},{"ancestorTitles":["Input"],"failureMessages":[],"fullName":"Input renders a textarea when the variant prop equals \"textarea\"","location":null,"status":"passed","title":"renders a textarea when the variant prop equals \"textarea\""},{"ancestorTitles":["Input"],"failureMessages":[],"fullName":"Input renders a select box when the variant prop equals \"select\"","location":null,"status":"passed","title":"renders a select box when the variant prop equals \"select\""}],"endTime":1578950753566,"message":"","name":"/Users/mark.johnson/code/components/src/components/Input/test.tsx","startTime":1578950751442,"status":"passed","summary":""},{"assertionResults":[{"ancestorTitles":["Status Card"],"failureMessages":[],"fullName":"Status Card Renders correctly","location":null,"status":"passed","title":"Renders correctly"},{"ancestorTitles":["Status Card"],"failureMessages":[],"fullName":"Status Card Renders Standard Variant","location":null,"status":"passed","title":"Renders Standard Variant"},{"ancestorTitles":["Status Card"],"failureMessages":[],"fullName":"Status Card Renders Compact Variant","location":null,"status":"passed","title":"Renders Compact Variant"},{"ancestorTitles":["Status Card"],"failureMessages":[],"fullName":"Status Card Includes custom className","location":null,"status":"passed","title":"Includes custom className"},{"ancestorTitles":["Status Card Props"],"failureMessages":[],"fullName":"Status Card Props Adds the \"brew-StatusCard--isDisabled\" class when \"isDisabled\" prop exists","location":null,"status":"passed","title":"Adds the \"brew-StatusCard--isDisabled\" class when \"isDisabled\" prop exists"},{"ancestorTitles":["Status Card Props"],"failureMessages":[],"fullName":"Status Card Props Adds the \"brew-StatusCard--isFilled\" class when \"isFilled\" prop exists","location":null,"status":"passed","title":"Adds the \"brew-StatusCard--isFilled\" class when \"isFilled\" prop exists"},{"ancestorTitles":["Status Card Props"],"failureMessages":[],"fullName":"Status Card Props Adds the correct color class","location":null,"status":"passed","title":"Adds the correct color class"},{"ancestorTitles":["Status Card Props"],"failureMessages":[],"fullName":"Status Card Props Renders the correct icon","location":null,"status":"passed","title":"Renders the correct icon"},{"ancestorTitles":["Status Card Props"],"failureMessages":[],"fullName":"Status Card Props Renders the correct header and body","location":null,"status":"passed","title":"Renders the correct header and body"}],"endTime":1578950753601,"message":"","name":"/Users/mark.johnson/code/components/src/components/StatusCard/test.tsx","startTime":1578950751468,"status":"passed","summary":""},{"assertionResults":[{"ancestorTitles":["Dialog"],"failureMessages":[],"fullName":"Dialog renders correctly","location":null,"status":"passed","title":"renders correctly"},{"ancestorTitles":["Dialog"],"failureMessages":[],"fullName":"Dialog has the right classes applied","location":null,"status":"passed","title":"has the right classes applied"},{"ancestorTitles":["Dialog"],"failureMessages":[],"fullName":"Dialog applies the correct class when open","location":null,"status":"passed","title":"applies the correct class when open"},{"ancestorTitles":["Dialog"],"failureMessages":[],"fullName":"Dialog accepts a custom className prop","location":null,"status":"passed","title":"accepts a custom className prop"},{"ancestorTitles":["Dialog"],"failureMessages":[],"fullName":"Dialog changes the confirm button text when the confirmText prop is passed in","location":null,"status":"passed","title":"changes the confirm button text when the confirmText prop is passed in"},{"ancestorTitles":["Dialog"],"failureMessages":[],"fullName":"Dialog changes the cancel text when the cancelText prop is passed in","location":null,"status":"passed","title":"changes the cancel text when the cancelText prop is passed in"},{"ancestorTitles":["Dialog"],"failureMessages":[],"fullName":"Dialog passes children into the body","location":null,"status":"passed","title":"passes children into the body"},{"ancestorTitles":["Dialog"],"failureMessages":[],"fullName":"Dialog passes through a custom close icon through the closeIcon prop","location":null,"status":"passed","title":"passes through a custom close icon through the closeIcon prop"},{"ancestorTitles":["Dialog"],"failureMessages":[],"fullName":"Dialog applies the correct className when the color prop is added","location":null,"status":"passed","title":"applies the correct className when the color prop is added"},{"ancestorTitles":["Dialog"],"failureMessages":[],"fullName":"Dialog adds a title when the title prop is passed through","location":null,"status":"passed","title":"adds a title when the title prop is passed through"},{"ancestorTitles":["Dialog"],"failureMessages":[],"fullName":"Dialog adds a custom footer when the customFooter prop is present","location":null,"status":"passed","title":"adds a custom footer when the customFooter prop is present"},{"ancestorTitles":["Dialog"],"failureMessages":[],"fullName":"Dialog removes the footer when the hideFooter prop is true","location":null,"status":"passed","title":"removes the footer when the hideFooter prop is true"},{"ancestorTitles":["Dialog"],"failureMessages":[],"fullName":"Dialog removes the cancel button for an \"alert\" variant","location":null,"status":"passed","title":"removes the cancel button for an \"alert\" variant"}],"endTime":1578950753676,"message":"","name":"/Users/mark.johnson/code/components/src/components/Dialog/test.tsx","startTime":1578950751441,"status":"passed","summary":""},{"assertionResults":[{"ancestorTitles":["RadioGroup"],"failureMessages":[],"fullName":"RadioGroup mounts correctly","location":null,"status":"passed","title":"mounts correctly"},{"ancestorTitles":["RadioGroup"],"failureMessages":[],"fullName":"RadioGroup correctly accepts and passes through a className prop","location":null,"status":"passed","title":"correctly accepts and passes through a className prop"},{"ancestorTitles":["RadioGroup"],"failureMessages":[],"fullName":"RadioGroup passes the name prop to each child Radio component","location":null,"status":"passed","title":"passes the name prop to each child Radio component"},{"ancestorTitles":["RadioGroup"],"failureMessages":[],"fullName":"RadioGroup passes the defaultValue prop to each child Radio component","location":null,"status":"passed","title":"passes the defaultValue prop to each child Radio component"},{"ancestorTitles":["RadioGroup"],"failureMessages":[],"fullName":"RadioGroup passes the value prop to each child Radio component","location":null,"status":"passed","title":"passes the value prop to each child Radio component"},{"ancestorTitles":["RadioGroup"],"failureMessages":[],"fullName":"RadioGroup correctly applies an onchange handler to all children","location":null,"status":"passed","title":"correctly applies an onchange handler to all children"}],"endTime":1578950753742,"message":"","name":"/Users/mark.johnson/code/components/src/components/Input/components/RadioGroup/test.tsx","startTime":1578950751476,"status":"passed","summary":""},{"assertionResults":[{"ancestorTitles":["PlaceholderContent"],"failureMessages":[],"fullName":"PlaceholderContent renders correctly","location":null,"status":"passed","title":"renders correctly"},{"ancestorTitles":["PlaceholderContent"],"failureMessages":[],"fullName":"PlaceholderContent mounts correctly","location":null,"status":"passed","title":"mounts correctly"},{"ancestorTitles":["PlaceholderContent"],"failureMessages":[],"fullName":"PlaceholderContent correctly adds a className","location":null,"status":"passed","title":"correctly adds a className"}],"endTime":1578950753770,"message":"","name":"/Users/mark.johnson/code/components/src/components/Placeholder/components/PlaceholderContent/test.tsx","startTime":1578950753546,"status":"passed","summary":""},{"assertionResults":[{"ancestorTitles":["Textarea"],"failureMessages":[],"fullName":"Textarea mounts correctly and has correct class","location":null,"status":"passed","title":"mounts correctly and has correct class"},{"ancestorTitles":["Textarea"],"failureMessages":[],"fullName":"Textarea uses InputBase","location":null,"status":"passed","title":"uses InputBase"},{"ancestorTitles":["Textarea"],"failureMessages":[],"fullName":"Textarea properly passes through the className","location":null,"status":"passed","title":"properly passes through the className"},{"ancestorTitles":["Textarea"],"failureMessages":[],"fullName":"Textarea correctly adds the before prop","location":null,"status":"passed","title":"correctly adds the before prop"},{"ancestorTitles":["Textarea"],"failureMessages":[],"fullName":"Textarea correctly adds the after prop","location":null,"status":"passed","title":"correctly adds the after prop"},{"ancestorTitles":["Textarea"],"failureMessages":[],"fullName":"Textarea correctly accepts the value prop","location":null,"status":"passed","title":"correctly accepts the value prop"}],"endTime":1578950753772,"message":"","name":"/Users/mark.johnson/code/components/src/components/Input/components/Textarea/test.tsx","startTime":1578950753471,"status":"passed","summary":""},{"assertionResults":[{"ancestorTitles":["PlaceholderTitle"],"failureMessages":[],"fullName":"PlaceholderTitle renders correctly","location":null,"status":"passed","title":"renders correctly"},{"ancestorTitles":["PlaceholderTitle"],"failureMessages":[],"fullName":"PlaceholderTitle mounts correctly","location":null,"status":"passed","title":"mounts correctly"},{"ancestorTitles":["PlaceholderTitle"],"failureMessages":[],"fullName":"PlaceholderTitle correctly adds a className","location":null,"status":"passed","title":"correctly adds a className"}],"endTime":1578950753851,"message":"","name":"/Users/mark.johnson/code/components/src/components/Placeholder/components/PlaceholderTitle/test.tsx","startTime":1578950753505,"status":"passed","summary":""},{"assertionResults":[{"ancestorTitles":["PlaceholderGraphic"],"failureMessages":[],"fullName":"PlaceholderGraphic renders correctly","location":null,"status":"passed","title":"renders correctly"},{"ancestorTitles":["PlaceholderGraphic"],"failureMessages":[],"fullName":"PlaceholderGraphic mounts correctly","location":null,"status":"passed","title":"mounts correctly"},{"ancestorTitles":["PlaceholderGraphic"],"failureMessages":[],"fullName":"PlaceholderGraphic correctly adds a className","location":null,"status":"passed","title":"correctly adds a className"}],"endTime":1578950753867,"message":"","name":"/Users/mark.johnson/code/components/src/components/Placeholder/components/PlaceholderGraphic/test.tsx","startTime":1578950753583,"status":"passed","summary":""},{"assertionResults":[{"ancestorTitles":["Placeholder"],"failureMessages":[],"fullName":"Placeholder renders correctly","location":null,"status":"passed","title":"renders correctly"},{"ancestorTitles":["Placeholder"],"failureMessages":[],"fullName":"Placeholder mounts correctly","location":null,"status":"passed","title":"mounts correctly"},{"ancestorTitles":["Placeholder"],"failureMessages":[],"fullName":"Placeholder correctly adds a className","location":null,"status":"passed","title":"correctly adds a className"}],"endTime":1578950753882,"message":"","name":"/Users/mark.johnson/code/components/src/components/Placeholder/test.tsx","startTime":1578950753592,"status":"passed","summary":""}],"wasInterrupted":false}