{"numFailedTestSuites":3,"numFailedTests":9,"numPassedTestSuites":5,"numPassedTests":42,"numPendingTestSuites":0,"numPendingTests":0,"numRuntimeErrorTestSuites":0,"numTodoTests":0,"numTotalTestSuites":8,"numTotalTests":51,"openHandles":[],"snapshot":{"added":0,"didUpdate":false,"failure":true,"filesAdded":0,"filesRemoved":2,"filesRemovedList":["/Users/alyssa.delucca/Documents/repos/Brewkit/.build/jest/__snapshots__/Storyshot.test.js.snap","/Users/alyssa.delucca/Documents/repos/Brewkit/.build/jest/__snapshots__/storyshots.test.js.snap"],"filesUnmatched":3,"filesUpdated":0,"matched":0,"total":3,"unchecked":0,"uncheckedKeysByFile":[],"unmatched":3,"updated":0},"startTime":1578416163817,"success":false,"testResults":[{"assertionResults":[{"ancestorTitles":["TextInput"],"failureMessages":[],"fullName":"TextInput renders without error","location":null,"status":"passed","title":"renders without error"},{"ancestorTitles":["TextInput"],"failureMessages":[],"fullName":"TextInput uses InputBase","location":null,"status":"passed","title":"uses InputBase"},{"ancestorTitles":["TextInput"],"failureMessages":[],"fullName":"TextInput properly passes through an input type","location":null,"status":"passed","title":"properly passes through an input type"},{"ancestorTitles":["TextInput"],"failureMessages":[],"fullName":"TextInput has the correct class names","location":null,"status":"passed","title":"has the correct class names"},{"ancestorTitles":["TextInput"],"failureMessages":[],"fullName":"TextInput properly passes through a className","location":null,"status":"passed","title":"properly passes through a className"},{"ancestorTitles":["TextInput"],"failureMessages":[],"fullName":"TextInput correctly adds the before prop","location":null,"status":"passed","title":"correctly adds the before prop"},{"ancestorTitles":["TextInput"],"failureMessages":[],"fullName":"TextInput correctly adds an after prop","location":null,"status":"passed","title":"correctly adds an after prop"}],"endTime":1578416166409,"message":"","name":"/Users/alyssa.delucca/Documents/repos/Brewkit/src/components/Input/components/TextInput/test.tsx","startTime":1578416164947,"status":"passed","summary":""},{"assertionResults":[{"ancestorTitles":["Radio"],"failureMessages":[],"fullName":"Radio has the right classes on the root element","location":null,"status":"passed","title":"has the right classes on the root element"},{"ancestorTitles":["Radio"],"failureMessages":[],"fullName":"Radio renders with the correct input type","location":null,"status":"passed","title":"renders with the correct input type"},{"ancestorTitles":["Radio"],"failureMessages":[],"fullName":"Radio correctly passes through the checked prop","location":null,"status":"passed","title":"correctly passes through the checked prop"},{"ancestorTitles":["Radio"],"failureMessages":[],"fullName":"Radio correctly passes through the disabled prop","location":null,"status":"passed","title":"correctly passes through the disabled prop"},{"ancestorTitles":["Radio"],"failureMessages":[],"fullName":"Radio correctly adds a className","location":null,"status":"passed","title":"correctly adds a className"}],"endTime":1578416166450,"message":"","name":"/Users/alyssa.delucca/Documents/repos/Brewkit/src/components/Input/components/Radio/test.tsx","startTime":1578416164951,"status":"passed","summary":""},{"assertionResults":[{"ancestorTitles":["InputBase"],"failureMessages":[],"fullName":"InputBase renders without throwing an error","location":null,"status":"passed","title":"renders without throwing an error"},{"ancestorTitles":["InputBase"],"failureMessages":[],"fullName":"InputBase mounts with the correct class names","location":null,"status":"passed","title":"mounts with the correct class names"},{"ancestorTitles":["InputBase"],"failureMessages":[],"fullName":"InputBase adds the \"brew-Input--disabled\" class when the disabled prop exists","location":null,"status":"passed","title":"adds the \"brew-Input--disabled\" class when the disabled prop exists"},{"ancestorTitles":["InputBase"],"failureMessages":[],"fullName":"InputBase adds the \"brew-Input--hasError\" class when the error prop exists","location":null,"status":"passed","title":"adds the \"brew-Input--hasError\" class when the error prop exists"},{"ancestorTitles":["InputBase"],"failureMessages":[],"fullName":"InputBase adds the \"brew-Input--isFullWidth\" class when the `fullWidth` prop exists","location":null,"status":"passed","title":"adds the \"brew-Input--isFullWidth\" class when the `fullWidth` prop exists"},{"ancestorTitles":["InputBase"],"failureMessages":[],"fullName":"InputBase adds the \"brew-Input--hasBefore\" class when the before prop exists","location":null,"status":"passed","title":"adds the \"brew-Input--hasBefore\" class when the before prop exists"},{"ancestorTitles":["InputBase"],"failureMessages":[],"fullName":"InputBase adds the \"brew-Input--hasAfter\" class when the after prop exists","location":null,"status":"passed","title":"adds the \"brew-Input--hasAfter\" class when the after prop exists"},{"ancestorTitles":["InputBase"],"failureMessages":[],"fullName":"InputBase renders with the checked attribute when the checked prop is added","location":null,"status":"passed","title":"renders with the checked attribute when the checked prop is added"}],"endTime":1578416166715,"message":"","name":"/Users/alyssa.delucca/Documents/repos/Brewkit/src/components/Input/components/InputBase/test.tsx","startTime":1578416165186,"status":"passed","summary":""},{"assertionResults":[{"ancestorTitles":[],"failureMessages":["Error: \u001b[2mexpect(\u001b[22m\u001b[31mreceived\u001b[39m\u001b[2m).\u001b[22mtoMatchSnapshot\u001b[2m()\u001b[22m\n\nSnapshot name: `renders correctly 1`\n\n\u001b[32m- Snapshot\u001b[39m\n\u001b[31m+ Received\u001b[39m\n\n\u001b[2m  <span\u001b[22m\n\u001b[32m-   className=\"wrapper variant--inherit color--initial align--inherit display--initial\"\u001b[39m\n\u001b[31m+   className=\"brew-Typography brew-Typography--variant-inherit brew-Typography--color-initial brew-Typography--align-inherit brew-Typography--display-initial\"\u001b[39m\n\u001b[2m  >\u001b[22m\n\u001b[2m    Foo\u001b[22m\n\u001b[2m  </span>\u001b[22m\n    at Object.<anonymous> (/Users/alyssa.delucca/Documents/repos/Brewkit/src/components/Typography/test.tsx:11:18)\n    at Object.asyncJestTest (/Users/alyssa.delucca/Documents/repos/Brewkit/node_modules/jest-jasmine2/build/jasmineAsyncInstall.js:102:37)\n    at /Users/alyssa.delucca/Documents/repos/Brewkit/node_modules/jest-jasmine2/build/queueRunner.js:43:12\n    at new Promise (<anonymous>)\n    at mapper (/Users/alyssa.delucca/Documents/repos/Brewkit/node_modules/jest-jasmine2/build/queueRunner.js:26:19)\n    at /Users/alyssa.delucca/Documents/repos/Brewkit/node_modules/jest-jasmine2/build/queueRunner.js:73:41\n    at processTicksAndRejections (internal/process/task_queues.js:93:5)"],"fullName":"renders correctly","location":null,"status":"failed","title":"renders correctly"},{"ancestorTitles":[],"failureMessages":[],"fullName":"renders children when passed in","location":null,"status":"passed","title":"renders children when passed in"},{"ancestorTitles":[],"failureMessages":["Error: \u001b[2mexpect(\u001b[22m\u001b[31mreceived\u001b[39m\u001b[2m).\u001b[22mtoEqual\u001b[2m(\u001b[22m\u001b[32mexpected\u001b[39m\u001b[2m) // deep equality\u001b[22m\n\nExpected: \u001b[32mtrue\u001b[39m\nReceived: \u001b[31mfalse\u001b[39m\n    at Object.<anonymous> (/Users/alyssa.delucca/Documents/repos/Brewkit/src/components/Typography/test.tsx:30:41)\n    at Object.asyncJestTest (/Users/alyssa.delucca/Documents/repos/Brewkit/node_modules/jest-jasmine2/build/jasmineAsyncInstall.js:102:37)\n    at /Users/alyssa.delucca/Documents/repos/Brewkit/node_modules/jest-jasmine2/build/queueRunner.js:43:12\n    at new Promise (<anonymous>)\n    at mapper (/Users/alyssa.delucca/Documents/repos/Brewkit/node_modules/jest-jasmine2/build/queueRunner.js:26:19)\n    at /Users/alyssa.delucca/Documents/repos/Brewkit/node_modules/jest-jasmine2/build/queueRunner.js:73:41\n    at processTicksAndRejections (internal/process/task_queues.js:93:5)"],"fullName":"accepts custom classes","location":null,"status":"failed","title":"accepts custom classes"},{"ancestorTitles":[],"failureMessages":["Error: \u001b[2mexpect(\u001b[22m\u001b[31mreceived\u001b[39m\u001b[2m).\u001b[22mtoEqual\u001b[2m(\u001b[22m\u001b[32mexpected\u001b[39m\u001b[2m) // deep equality\u001b[22m\n\nExpected: \u001b[32mtrue\u001b[39m\nReceived: \u001b[31mfalse\u001b[39m\n    at Object.<anonymous> (/Users/alyssa.delucca/Documents/repos/Brewkit/src/components/Typography/test.tsx:38:50)\n    at Object.asyncJestTest (/Users/alyssa.delucca/Documents/repos/Brewkit/node_modules/jest-jasmine2/build/jasmineAsyncInstall.js:102:37)\n    at /Users/alyssa.delucca/Documents/repos/Brewkit/node_modules/jest-jasmine2/build/queueRunner.js:43:12\n    at new Promise (<anonymous>)\n    at mapper (/Users/alyssa.delucca/Documents/repos/Brewkit/node_modules/jest-jasmine2/build/queueRunner.js:26:19)\n    at /Users/alyssa.delucca/Documents/repos/Brewkit/node_modules/jest-jasmine2/build/queueRunner.js:73:41\n    at processTicksAndRejections (internal/process/task_queues.js:93:5)"],"fullName":"\"variant\" defaults to \"inherit\" and applies appropriate class","location":null,"status":"failed","title":"\"variant\" defaults to \"inherit\" and applies appropriate class"},{"ancestorTitles":[],"failureMessages":["Error: \u001b[2mexpect(\u001b[22m\u001b[31mreceived\u001b[39m\u001b[2m).\u001b[22mtoEqual\u001b[2m(\u001b[22m\u001b[32mexpected\u001b[39m\u001b[2m) // deep equality\u001b[22m\n\nExpected: \u001b[32mtrue\u001b[39m\nReceived: \u001b[31mfalse\u001b[39m\n    at Object.<anonymous> (/Users/alyssa.delucca/Documents/repos/Brewkit/src/components/Typography/test.tsx:46:48)\n    at Object.asyncJestTest (/Users/alyssa.delucca/Documents/repos/Brewkit/node_modules/jest-jasmine2/build/jasmineAsyncInstall.js:102:37)\n    at /Users/alyssa.delucca/Documents/repos/Brewkit/node_modules/jest-jasmine2/build/queueRunner.js:43:12\n    at new Promise (<anonymous>)\n    at mapper (/Users/alyssa.delucca/Documents/repos/Brewkit/node_modules/jest-jasmine2/build/queueRunner.js:26:19)\n    at /Users/alyssa.delucca/Documents/repos/Brewkit/node_modules/jest-jasmine2/build/queueRunner.js:73:41\n    at processTicksAndRejections (internal/process/task_queues.js:93:5)"],"fullName":"\"color\" defaults to \"initial\" and applies appropriate class","location":null,"status":"failed","title":"\"color\" defaults to \"initial\" and applies appropriate class"},{"ancestorTitles":[],"failureMessages":["Error: \u001b[2mexpect(\u001b[22m\u001b[31mreceived\u001b[39m\u001b[2m).\u001b[22mtoEqual\u001b[2m(\u001b[22m\u001b[32mexpected\u001b[39m\u001b[2m) // deep equality\u001b[22m\n\nExpected: \u001b[32mtrue\u001b[39m\nReceived: \u001b[31mfalse\u001b[39m\n    at Object.<anonymous> (/Users/alyssa.delucca/Documents/repos/Brewkit/src/components/Typography/test.tsx:54:50)\n    at Object.asyncJestTest (/Users/alyssa.delucca/Documents/repos/Brewkit/node_modules/jest-jasmine2/build/jasmineAsyncInstall.js:102:37)\n    at /Users/alyssa.delucca/Documents/repos/Brewkit/node_modules/jest-jasmine2/build/queueRunner.js:43:12\n    at new Promise (<anonymous>)\n    at mapper (/Users/alyssa.delucca/Documents/repos/Brewkit/node_modules/jest-jasmine2/build/queueRunner.js:26:19)\n    at /Users/alyssa.delucca/Documents/repos/Brewkit/node_modules/jest-jasmine2/build/queueRunner.js:73:41\n    at processTicksAndRejections (internal/process/task_queues.js:93:5)"],"fullName":"\"display\" defaults to \"initial\" and applies appropriate class","location":null,"status":"failed","title":"\"display\" defaults to \"initial\" and applies appropriate class"},{"ancestorTitles":[],"failureMessages":["Error: \u001b[2mexpect(\u001b[22m\u001b[31mreceived\u001b[39m\u001b[2m).\u001b[22mtoEqual\u001b[2m(\u001b[22m\u001b[32mexpected\u001b[39m\u001b[2m) // deep equality\u001b[22m\n\nExpected: \u001b[32mtrue\u001b[39m\nReceived: \u001b[31mfalse\u001b[39m\n    at Object.<anonymous> (/Users/alyssa.delucca/Documents/repos/Brewkit/src/components/Typography/test.tsx:62:48)\n    at Object.asyncJestTest (/Users/alyssa.delucca/Documents/repos/Brewkit/node_modules/jest-jasmine2/build/jasmineAsyncInstall.js:102:37)\n    at /Users/alyssa.delucca/Documents/repos/Brewkit/node_modules/jest-jasmine2/build/queueRunner.js:43:12\n    at new Promise (<anonymous>)\n    at mapper (/Users/alyssa.delucca/Documents/repos/Brewkit/node_modules/jest-jasmine2/build/queueRunner.js:26:19)\n    at /Users/alyssa.delucca/Documents/repos/Brewkit/node_modules/jest-jasmine2/build/queueRunner.js:73:41\n    at processTicksAndRejections (internal/process/task_queues.js:93:5)"],"fullName":"\"align\" defaults to \"inherit\" and applies appropriate class","location":null,"status":"failed","title":"\"align\" defaults to \"inherit\" and applies appropriate class"}],"endTime":1578416166833,"message":"\u001b[1m\u001b[31m  \u001b[1m● \u001b[1mrenders correctly\u001b[39m\u001b[22m\n\n    \u001b[2mexpect(\u001b[22m\u001b[31mreceived\u001b[39m\u001b[2m).\u001b[22mtoMatchSnapshot\u001b[2m()\u001b[22m\n\n    Snapshot name: `renders correctly 1`\n\n    \u001b[32m- Snapshot\u001b[39m\n    \u001b[31m+ Received\u001b[39m\n\n    \u001b[2m  <span\u001b[22m\n    \u001b[32m-   className=\"wrapper variant--inherit color--initial align--inherit display--initial\"\u001b[39m\n    \u001b[31m+   className=\"brew-Typography brew-Typography--variant-inherit brew-Typography--color-initial brew-Typography--align-inherit brew-Typography--display-initial\"\u001b[39m\n    \u001b[2m  >\u001b[22m\n    \u001b[2m    Foo\u001b[22m\n    \u001b[2m  </span>\u001b[22m\n\u001b[2m\u001b[22m\n\u001b[2m    \u001b[0m \u001b[90m  9 | \u001b[39m        \u001b[33m.\u001b[39mcreate(\u001b[33m<\u001b[39m\u001b[33mTypography\u001b[39m\u001b[33m>\u001b[39m\u001b[33mFoo\u001b[39m\u001b[33m<\u001b[39m\u001b[33m/\u001b[39m\u001b[33mTypography\u001b[39m\u001b[33m>\u001b[39m)\u001b[0m\u001b[22m\n\u001b[2m    \u001b[0m \u001b[90m 10 | \u001b[39m        \u001b[33m.\u001b[39mtoJSON()\u001b[33m;\u001b[39m\u001b[0m\u001b[22m\n\u001b[2m    \u001b[0m\u001b[31m\u001b[1m>\u001b[2m\u001b[39m\u001b[90m 11 | \u001b[39m    expect(tree)\u001b[33m.\u001b[39mtoMatchSnapshot()\u001b[33m;\u001b[39m\u001b[0m\u001b[22m\n\u001b[2m    \u001b[0m \u001b[90m    | \u001b[39m                 \u001b[31m\u001b[1m^\u001b[2m\u001b[39m\u001b[0m\u001b[22m\n\u001b[2m    \u001b[0m \u001b[90m 12 | \u001b[39m})\u001b[33m;\u001b[39m\u001b[0m\u001b[22m\n\u001b[2m    \u001b[0m \u001b[90m 13 | \u001b[39m\u001b[0m\u001b[22m\n\u001b[2m    \u001b[0m \u001b[90m 14 | \u001b[39m\u001b[0m\u001b[22m\n\u001b[2m\u001b[22m\n\u001b[2m      \u001b[2mat Object.<anonymous> (\u001b[2m\u001b[0m\u001b[36msrc/components/Typography/test.tsx\u001b[39m\u001b[0m\u001b[2m:11:18)\u001b[2m\u001b[22m\n\n\u001b[1m\u001b[31m  \u001b[1m● \u001b[1maccepts custom classes\u001b[39m\u001b[22m\n\n    \u001b[2mexpect(\u001b[22m\u001b[31mreceived\u001b[39m\u001b[2m).\u001b[22mtoEqual\u001b[2m(\u001b[22m\u001b[32mexpected\u001b[39m\u001b[2m) // deep equality\u001b[22m\n\n    Expected: \u001b[32mtrue\u001b[39m\n    Received: \u001b[31mfalse\u001b[39m\n\u001b[2m\u001b[22m\n\u001b[2m    \u001b[0m \u001b[90m 28 | \u001b[39m    ))\u001b[33m;\u001b[39m\u001b[0m\u001b[22m\n\u001b[2m    \u001b[0m \u001b[90m 29 | \u001b[39m    expect(wrapper\u001b[33m.\u001b[39mhasClass(\u001b[32m'customClass'\u001b[39m))\u001b[33m.\u001b[39mtoEqual(\u001b[36mtrue\u001b[39m)\u001b[33m;\u001b[39m\u001b[0m\u001b[22m\n\u001b[2m    \u001b[0m\u001b[31m\u001b[1m>\u001b[2m\u001b[39m\u001b[90m 30 | \u001b[39m    expect(wrapper\u001b[33m.\u001b[39mhasClass(\u001b[32m'wrapper'\u001b[39m))\u001b[33m.\u001b[39mtoEqual(\u001b[36mtrue\u001b[39m)\u001b[33m;\u001b[39m\u001b[0m\u001b[22m\n\u001b[2m    \u001b[0m \u001b[90m    | \u001b[39m                                        \u001b[31m\u001b[1m^\u001b[2m\u001b[39m\u001b[0m\u001b[22m\n\u001b[2m    \u001b[0m \u001b[90m 31 | \u001b[39m})\u001b[33m;\u001b[39m\u001b[0m\u001b[22m\n\u001b[2m    \u001b[0m \u001b[90m 32 | \u001b[39m\u001b[0m\u001b[22m\n\u001b[2m    \u001b[0m \u001b[90m 33 | \u001b[39m\u001b[0m\u001b[22m\n\u001b[2m\u001b[22m\n\u001b[2m      \u001b[2mat Object.<anonymous> (\u001b[2m\u001b[0m\u001b[36msrc/components/Typography/test.tsx\u001b[39m\u001b[0m\u001b[2m:30:41)\u001b[2m\u001b[22m\n\n\u001b[1m\u001b[31m  \u001b[1m● \u001b[1m\"variant\" defaults to \"inherit\" and applies appropriate class\u001b[39m\u001b[22m\n\n    \u001b[2mexpect(\u001b[22m\u001b[31mreceived\u001b[39m\u001b[2m).\u001b[22mtoEqual\u001b[2m(\u001b[22m\u001b[32mexpected\u001b[39m\u001b[2m) // deep equality\u001b[22m\n\n    Expected: \u001b[32mtrue\u001b[39m\n    Received: \u001b[31mfalse\u001b[39m\n\u001b[2m\u001b[22m\n\u001b[2m    \u001b[0m \u001b[90m 36 | \u001b[39m        \u001b[33m<\u001b[39m\u001b[33mTypography\u001b[39m\u001b[33m>\u001b[39m\u001b[33mLorem\u001b[39m ipsum dolor sit amet\u001b[33m.\u001b[39m\u001b[33m<\u001b[39m\u001b[33m/\u001b[39m\u001b[33mTypography\u001b[39m\u001b[33m>\u001b[39m\u001b[0m\u001b[22m\n\u001b[2m    \u001b[0m \u001b[90m 37 | \u001b[39m    ))\u001b[33m;\u001b[39m\u001b[0m\u001b[22m\n\u001b[2m    \u001b[0m\u001b[31m\u001b[1m>\u001b[2m\u001b[39m\u001b[90m 38 | \u001b[39m    expect(wrapper\u001b[33m.\u001b[39mhasClass(\u001b[32m'variant--inherit'\u001b[39m))\u001b[33m.\u001b[39mtoEqual(\u001b[36mtrue\u001b[39m)\u001b[33m;\u001b[39m\u001b[0m\u001b[22m\n\u001b[2m    \u001b[0m \u001b[90m    | \u001b[39m                                                 \u001b[31m\u001b[1m^\u001b[2m\u001b[39m\u001b[0m\u001b[22m\n\u001b[2m    \u001b[0m \u001b[90m 39 | \u001b[39m})\u001b[33m;\u001b[39m\u001b[0m\u001b[22m\n\u001b[2m    \u001b[0m \u001b[90m 40 | \u001b[39m\u001b[0m\u001b[22m\n\u001b[2m    \u001b[0m \u001b[90m 41 | \u001b[39m\u001b[0m\u001b[22m\n\u001b[2m\u001b[22m\n\u001b[2m      \u001b[2mat Object.<anonymous> (\u001b[2m\u001b[0m\u001b[36msrc/components/Typography/test.tsx\u001b[39m\u001b[0m\u001b[2m:38:50)\u001b[2m\u001b[22m\n\n\u001b[1m\u001b[31m  \u001b[1m● \u001b[1m\"color\" defaults to \"initial\" and applies appropriate class\u001b[39m\u001b[22m\n\n    \u001b[2mexpect(\u001b[22m\u001b[31mreceived\u001b[39m\u001b[2m).\u001b[22mtoEqual\u001b[2m(\u001b[22m\u001b[32mexpected\u001b[39m\u001b[2m) // deep equality\u001b[22m\n\n    Expected: \u001b[32mtrue\u001b[39m\n    Received: \u001b[31mfalse\u001b[39m\n\u001b[2m\u001b[22m\n\u001b[2m    \u001b[0m \u001b[90m 44 | \u001b[39m        \u001b[33m<\u001b[39m\u001b[33mTypography\u001b[39m\u001b[33m>\u001b[39m\u001b[33mLorem\u001b[39m ipsum dolor sit amet\u001b[33m.\u001b[39m\u001b[33m<\u001b[39m\u001b[33m/\u001b[39m\u001b[33mTypography\u001b[39m\u001b[33m>\u001b[39m\u001b[0m\u001b[22m\n\u001b[2m    \u001b[0m \u001b[90m 45 | \u001b[39m    ))\u001b[33m;\u001b[39m\u001b[0m\u001b[22m\n\u001b[2m    \u001b[0m\u001b[31m\u001b[1m>\u001b[2m\u001b[39m\u001b[90m 46 | \u001b[39m    expect(wrapper\u001b[33m.\u001b[39mhasClass(\u001b[32m'color--initial'\u001b[39m))\u001b[33m.\u001b[39mtoEqual(\u001b[36mtrue\u001b[39m)\u001b[33m;\u001b[39m\u001b[0m\u001b[22m\n\u001b[2m    \u001b[0m \u001b[90m    | \u001b[39m                                               \u001b[31m\u001b[1m^\u001b[2m\u001b[39m\u001b[0m\u001b[22m\n\u001b[2m    \u001b[0m \u001b[90m 47 | \u001b[39m})\u001b[33m;\u001b[39m\u001b[0m\u001b[22m\n\u001b[2m    \u001b[0m \u001b[90m 48 | \u001b[39m\u001b[0m\u001b[22m\n\u001b[2m    \u001b[0m \u001b[90m 49 | \u001b[39m\u001b[0m\u001b[22m\n\u001b[2m\u001b[22m\n\u001b[2m      \u001b[2mat Object.<anonymous> (\u001b[2m\u001b[0m\u001b[36msrc/components/Typography/test.tsx\u001b[39m\u001b[0m\u001b[2m:46:48)\u001b[2m\u001b[22m\n\n\u001b[1m\u001b[31m  \u001b[1m● \u001b[1m\"display\" defaults to \"initial\" and applies appropriate class\u001b[39m\u001b[22m\n\n    \u001b[2mexpect(\u001b[22m\u001b[31mreceived\u001b[39m\u001b[2m).\u001b[22mtoEqual\u001b[2m(\u001b[22m\u001b[32mexpected\u001b[39m\u001b[2m) // deep equality\u001b[22m\n\n    Expected: \u001b[32mtrue\u001b[39m\n    Received: \u001b[31mfalse\u001b[39m\n\u001b[2m\u001b[22m\n\u001b[2m    \u001b[0m \u001b[90m 52 | \u001b[39m        \u001b[33m<\u001b[39m\u001b[33mTypography\u001b[39m\u001b[33m>\u001b[39m\u001b[33mLorem\u001b[39m ipsum dolor sit amet\u001b[33m.\u001b[39m\u001b[33m<\u001b[39m\u001b[33m/\u001b[39m\u001b[33mTypography\u001b[39m\u001b[33m>\u001b[39m\u001b[0m\u001b[22m\n\u001b[2m    \u001b[0m \u001b[90m 53 | \u001b[39m    ))\u001b[33m;\u001b[39m\u001b[0m\u001b[22m\n\u001b[2m    \u001b[0m\u001b[31m\u001b[1m>\u001b[2m\u001b[39m\u001b[90m 54 | \u001b[39m    expect(wrapper\u001b[33m.\u001b[39mhasClass(\u001b[32m'display--initial'\u001b[39m))\u001b[33m.\u001b[39mtoEqual(\u001b[36mtrue\u001b[39m)\u001b[33m;\u001b[39m\u001b[0m\u001b[22m\n\u001b[2m    \u001b[0m \u001b[90m    | \u001b[39m                                                 \u001b[31m\u001b[1m^\u001b[2m\u001b[39m\u001b[0m\u001b[22m\n\u001b[2m    \u001b[0m \u001b[90m 55 | \u001b[39m})\u001b[33m;\u001b[39m\u001b[0m\u001b[22m\n\u001b[2m    \u001b[0m \u001b[90m 56 | \u001b[39m\u001b[0m\u001b[22m\n\u001b[2m    \u001b[0m \u001b[90m 57 | \u001b[39m\u001b[0m\u001b[22m\n\u001b[2m\u001b[22m\n\u001b[2m      \u001b[2mat Object.<anonymous> (\u001b[2m\u001b[0m\u001b[36msrc/components/Typography/test.tsx\u001b[39m\u001b[0m\u001b[2m:54:50)\u001b[2m\u001b[22m\n\n\u001b[1m\u001b[31m  \u001b[1m● \u001b[1m\"align\" defaults to \"inherit\" and applies appropriate class\u001b[39m\u001b[22m\n\n    \u001b[2mexpect(\u001b[22m\u001b[31mreceived\u001b[39m\u001b[2m).\u001b[22mtoEqual\u001b[2m(\u001b[22m\u001b[32mexpected\u001b[39m\u001b[2m) // deep equality\u001b[22m\n\n    Expected: \u001b[32mtrue\u001b[39m\n    Received: \u001b[31mfalse\u001b[39m\n\u001b[2m\u001b[22m\n\u001b[2m    \u001b[0m \u001b[90m 60 | \u001b[39m        \u001b[33m<\u001b[39m\u001b[33mTypography\u001b[39m\u001b[33m>\u001b[39m\u001b[33mLorem\u001b[39m ipsum dolor sit amet\u001b[33m.\u001b[39m\u001b[33m<\u001b[39m\u001b[33m/\u001b[39m\u001b[33mTypography\u001b[39m\u001b[33m>\u001b[39m\u001b[0m\u001b[22m\n\u001b[2m    \u001b[0m \u001b[90m 61 | \u001b[39m    ))\u001b[33m;\u001b[39m\u001b[0m\u001b[22m\n\u001b[2m    \u001b[0m\u001b[31m\u001b[1m>\u001b[2m\u001b[39m\u001b[90m 62 | \u001b[39m    expect(wrapper\u001b[33m.\u001b[39mhasClass(\u001b[32m'align--inherit'\u001b[39m))\u001b[33m.\u001b[39mtoEqual(\u001b[36mtrue\u001b[39m)\u001b[33m;\u001b[39m\u001b[0m\u001b[22m\n\u001b[2m    \u001b[0m \u001b[90m    | \u001b[39m                                               \u001b[31m\u001b[1m^\u001b[2m\u001b[39m\u001b[0m\u001b[22m\n\u001b[2m    \u001b[0m \u001b[90m 63 | \u001b[39m})\u001b[33m;\u001b[39m\u001b[0m\u001b[22m\n\u001b[2m    \u001b[0m \u001b[90m 64 | \u001b[39m\u001b[0m\u001b[22m\n\u001b[2m\u001b[22m\n\u001b[2m      \u001b[2mat Object.<anonymous> (\u001b[2m\u001b[0m\u001b[36msrc/components/Typography/test.tsx\u001b[39m\u001b[0m\u001b[2m:62:48)\u001b[2m\u001b[22m\n","name":"/Users/alyssa.delucca/Documents/repos/Brewkit/src/components/Typography/test.tsx","startTime":1578416165206,"status":"failed","summary":""},{"assertionResults":[{"ancestorTitles":["Input"],"failureMessages":[],"fullName":"Input renders a checkbox when the variant prop equals \"checkbox\"","location":null,"status":"passed","title":"renders a checkbox when the variant prop equals \"checkbox\""},{"ancestorTitles":["Input"],"failureMessages":[],"fullName":"Input renders a radio input when the variant prop equals \"radio\"","location":null,"status":"passed","title":"renders a radio input when the variant prop equals \"radio\""},{"ancestorTitles":["Input"],"failureMessages":[],"fullName":"Input renders a text input when the variant prop equals \"text\"","location":null,"status":"passed","title":"renders a text input when the variant prop equals \"text\""},{"ancestorTitles":["Input"],"failureMessages":[],"fullName":"Input renders a textarea when the variant prop equals \"textarea\"","location":null,"status":"passed","title":"renders a textarea when the variant prop equals \"textarea\""},{"ancestorTitles":["Input"],"failureMessages":[],"fullName":"Input renders a select box when the variant prop equals \"select\"","location":null,"status":"passed","title":"renders a select box when the variant prop equals \"select\""}],"endTime":1578416166848,"message":"","name":"/Users/alyssa.delucca/Documents/repos/Brewkit/src/components/Input/test.tsx","startTime":1578416165197,"status":"passed","summary":""},{"assertionResults":[{"ancestorTitles":["Textarea"],"failureMessages":[],"fullName":"Textarea mounts correctly and has correct class","location":null,"status":"passed","title":"mounts correctly and has correct class"},{"ancestorTitles":["Textarea"],"failureMessages":[],"fullName":"Textarea uses InputBase","location":null,"status":"passed","title":"uses InputBase"},{"ancestorTitles":["Textarea"],"failureMessages":[],"fullName":"Textarea properly passes through the className","location":null,"status":"passed","title":"properly passes through the className"},{"ancestorTitles":["Textarea"],"failureMessages":[],"fullName":"Textarea correctly adds the before prop","location":null,"status":"passed","title":"correctly adds the before prop"},{"ancestorTitles":["Textarea"],"failureMessages":[],"fullName":"Textarea correctly adds the after prop","location":null,"status":"passed","title":"correctly adds the after prop"},{"ancestorTitles":["Textarea"],"failureMessages":[],"fullName":"Textarea correctly accepts the value prop","location":null,"status":"passed","title":"correctly accepts the value prop"}],"endTime":1578416166944,"message":"","name":"/Users/alyssa.delucca/Documents/repos/Brewkit/src/components/Input/components/Textarea/test.tsx","startTime":1578416165187,"status":"passed","summary":""},{"assertionResults":[{"ancestorTitles":["Status Card"],"failureMessages":["Error: \u001b[2mexpect(\u001b[22m\u001b[31mreceived\u001b[39m\u001b[2m).\u001b[22mtoMatchSnapshot\u001b[2m()\u001b[22m\n\nSnapshot name: `Status Card Renders correctly 1`\n\n\u001b[32m- Snapshot\u001b[39m\n\u001b[31m+ Received\u001b[39m\n\n\u001b[33m@@ -16,16 +16,16 @@\u001b[39m\n\u001b[2m        </svg>\u001b[22m\n\u001b[2m      </span>\u001b[22m\n\u001b[2m    </section>\u001b[22m\n\u001b[2m    <section>\u001b[22m\n\u001b[2m      <h1\u001b[22m\n\u001b[32m-       className=\"wrapper variant--h1 color--success align--inherit display--initial\"\u001b[39m\n\u001b[31m+       className=\"brew-Typography brew-Typography--variant-h1 brew-Typography--color-success brew-Typography--align-inherit brew-Typography--display-initial\"\u001b[39m\n\u001b[2m      >\u001b[22m\n\u001b[2m        hi\u001b[22m\n\u001b[2m      </h1>\u001b[22m\n\u001b[2m      <span\u001b[22m\n\u001b[32m-       className=\"wrapper variant--body1 color--success align--inherit display--initial\"\u001b[39m\n\u001b[31m+       className=\"brew-Typography brew-Typography--variant-body1 brew-Typography--color-success brew-Typography--align-inherit brew-Typography--display-initial\"\u001b[39m\n\u001b[2m      >\u001b[22m\n\u001b[2m        bye\u001b[22m\n\u001b[2m      </span>\u001b[22m\n\u001b[2m    </section>\u001b[22m\n\u001b[2m  </div>\u001b[22m\n    at Object.<anonymous> (/Users/alyssa.delucca/Documents/repos/Brewkit/src/components/StatusCard/test.tsx:18:22)\n    at Object.asyncJestTest (/Users/alyssa.delucca/Documents/repos/Brewkit/node_modules/jest-jasmine2/build/jasmineAsyncInstall.js:102:37)\n    at /Users/alyssa.delucca/Documents/repos/Brewkit/node_modules/jest-jasmine2/build/queueRunner.js:43:12\n    at new Promise (<anonymous>)\n    at mapper (/Users/alyssa.delucca/Documents/repos/Brewkit/node_modules/jest-jasmine2/build/queueRunner.js:26:19)\n    at /Users/alyssa.delucca/Documents/repos/Brewkit/node_modules/jest-jasmine2/build/queueRunner.js:73:41\n    at processTicksAndRejections (internal/process/task_queues.js:93:5)"],"fullName":"Status Card Renders correctly","location":null,"status":"failed","title":"Renders correctly"},{"ancestorTitles":["Status Card"],"failureMessages":[],"fullName":"Status Card Renders Standard Variant","location":null,"status":"passed","title":"Renders Standard Variant"},{"ancestorTitles":["Status Card"],"failureMessages":[],"fullName":"Status Card Renders Compact Variant","location":null,"status":"passed","title":"Renders Compact Variant"},{"ancestorTitles":["Status Card"],"failureMessages":[],"fullName":"Status Card Includes custom className","location":null,"status":"passed","title":"Includes custom className"},{"ancestorTitles":["Status Card Props"],"failureMessages":[],"fullName":"Status Card Props Adds the \"brew-StatusCard--isDisabled\" class when \"isDisabled\" prop exists","location":null,"status":"passed","title":"Adds the \"brew-StatusCard--isDisabled\" class when \"isDisabled\" prop exists"},{"ancestorTitles":["Status Card Props"],"failureMessages":[],"fullName":"Status Card Props Adds the \"brew-StatusCard--isFilled\" class when \"isFilled\" prop exists","location":null,"status":"passed","title":"Adds the \"brew-StatusCard--isFilled\" class when \"isFilled\" prop exists"},{"ancestorTitles":["Status Card Props"],"failureMessages":[],"fullName":"Status Card Props Adds the correct color class","location":null,"status":"passed","title":"Adds the correct color class"},{"ancestorTitles":["Status Card Props"],"failureMessages":[],"fullName":"Status Card Props Renders the correct icon","location":null,"status":"passed","title":"Renders the correct icon"},{"ancestorTitles":["Status Card Props"],"failureMessages":[],"fullName":"Status Card Props Renders the correct header and body","location":null,"status":"passed","title":"Renders the correct header and body"}],"endTime":1578416167066,"message":"\u001b[1m\u001b[31m  \u001b[1m● \u001b[1mStatus Card › Renders correctly\u001b[39m\u001b[22m\n\n    \u001b[2mexpect(\u001b[22m\u001b[31mreceived\u001b[39m\u001b[2m).\u001b[22mtoMatchSnapshot\u001b[2m()\u001b[22m\n\n    Snapshot name: `Status Card Renders correctly 1`\n\n    \u001b[32m- Snapshot\u001b[39m\n    \u001b[31m+ Received\u001b[39m\n\n    \u001b[33m@@ -16,16 +16,16 @@\u001b[39m\n    \u001b[2m        </svg>\u001b[22m\n    \u001b[2m      </span>\u001b[22m\n    \u001b[2m    </section>\u001b[22m\n    \u001b[2m    <section>\u001b[22m\n    \u001b[2m      <h1\u001b[22m\n    \u001b[32m-       className=\"wrapper variant--h1 color--success align--inherit display--initial\"\u001b[39m\n    \u001b[31m+       className=\"brew-Typography brew-Typography--variant-h1 brew-Typography--color-success brew-Typography--align-inherit brew-Typography--display-initial\"\u001b[39m\n    \u001b[2m      >\u001b[22m\n    \u001b[2m        hi\u001b[22m\n    \u001b[2m      </h1>\u001b[22m\n    \u001b[2m      <span\u001b[22m\n    \u001b[32m-       className=\"wrapper variant--body1 color--success align--inherit display--initial\"\u001b[39m\n    \u001b[31m+       className=\"brew-Typography brew-Typography--variant-body1 brew-Typography--color-success brew-Typography--align-inherit brew-Typography--display-initial\"\u001b[39m\n    \u001b[2m      >\u001b[22m\n    \u001b[2m        bye\u001b[22m\n    \u001b[2m      </span>\u001b[22m\n    \u001b[2m    </section>\u001b[22m\n    \u001b[2m  </div>\u001b[22m\n\u001b[2m\u001b[22m\n\u001b[2m    \u001b[0m \u001b[90m 16 | \u001b[39m            \u001b[33m.\u001b[39mcreate(\u001b[33m<\u001b[39m\u001b[33mStatusCard\u001b[39m body\u001b[33m=\u001b[39m\u001b[32m\"bye\"\u001b[39m color\u001b[33m=\u001b[39m\u001b[32m\"success\"\u001b[39m header\u001b[33m=\u001b[39m\u001b[32m\"hi\"\u001b[39m icon\u001b[33m=\u001b[39m\u001b[32m\"business\"\u001b[39m variant\u001b[33m=\u001b[39m\u001b[32m\"standard\"\u001b[39m \u001b[33m/\u001b[39m\u001b[33m>\u001b[39m)\u001b[0m\u001b[22m\n\u001b[2m    \u001b[0m \u001b[90m 17 | \u001b[39m            \u001b[33m.\u001b[39mtoJSON()\u001b[33m;\u001b[39m\u001b[0m\u001b[22m\n\u001b[2m    \u001b[0m\u001b[31m\u001b[1m>\u001b[2m\u001b[39m\u001b[90m 18 | \u001b[39m        expect(tree)\u001b[33m.\u001b[39mtoMatchSnapshot()\u001b[33m;\u001b[39m\u001b[0m\u001b[22m\n\u001b[2m    \u001b[0m \u001b[90m    | \u001b[39m                     \u001b[31m\u001b[1m^\u001b[2m\u001b[39m\u001b[0m\u001b[22m\n\u001b[2m    \u001b[0m \u001b[90m 19 | \u001b[39m    })\u001b[33m;\u001b[39m\u001b[0m\u001b[22m\n\u001b[2m    \u001b[0m \u001b[90m 20 | \u001b[39m\u001b[0m\u001b[22m\n\u001b[2m    \u001b[0m \u001b[90m 21 | \u001b[39m    it(\u001b[32m'Renders Standard Variant'\u001b[39m\u001b[33m,\u001b[39m () \u001b[33m=>\u001b[39m {\u001b[0m\u001b[22m\n\u001b[2m\u001b[22m\n\u001b[2m      \u001b[2mat Object.<anonymous> (\u001b[2m\u001b[0m\u001b[36msrc/components/StatusCard/test.tsx\u001b[39m\u001b[0m\u001b[2m:18:22)\u001b[2m\u001b[22m\n","name":"/Users/alyssa.delucca/Documents/repos/Brewkit/src/components/StatusCard/test.tsx","startTime":1578416165213,"status":"failed","summary":""},{"assertionResults":[{"ancestorTitles":["Breadcrumb"],"failureMessages":["Error: \u001b[2mexpect(\u001b[22m\u001b[31mreceived\u001b[39m\u001b[2m).\u001b[22mtoMatchSnapshot\u001b[2m()\u001b[22m\n\nSnapshot name: `Breadcrumb renders correctly 1`\n\n\u001b[32m- Snapshot\u001b[39m\n\u001b[31m+ Received\u001b[39m\n\n\u001b[33m@@ -2,8 +2,18 @@\u001b[39m\n\u001b[2m    className=\"brew-Breadcrumb\"\u001b[22m\n\u001b[2m  >\u001b[22m\n\u001b[2m    <span\u001b[22m\n\u001b[2m      className=\"brew-Typography brew-Typography--variant-body2 brew-Typography--color-initial brew-Typography--align-inherit brew-Typography--display-initial\"\u001b[22m\n\u001b[2m    >\u001b[22m\n\u001b[32m-     Test\u001b[39m\n\u001b[31m+     /* ** Only return router link when URL is passed ** Or when entry is not last in the list, ** Otherwise make it plain text */\u001b[39m\n\u001b[31m+     <p\u001b[39m\n\u001b[31m+       className=\"brew-Typography brew-Typography--variant-inherit brew-Typography--color-initial brew-Typography--align-inherit brew-Typography--display-initial\"\u001b[39m\n\u001b[31m+     >\u001b[39m\n\u001b[31m+       Test\u001b[39m\n\u001b[31m+     </p>\u001b[39m\n\u001b[31m+     <span\u001b[39m\n\u001b[31m+       className=\"brew-Breadcrumb--separator\"\u001b[39m\n\u001b[31m+     >\u001b[39m\n\u001b[31m+       /\u001b[39m\n\u001b[31m+     </span>\u001b[39m\n\u001b[2m    </span>\u001b[22m\n\u001b[2m  </div>\u001b[22m\n    at Object.<anonymous> (/Users/alyssa.delucca/Documents/repos/Brewkit/src/components/Breadcrumb/test.tsx:13:22)\n    at Object.asyncJestTest (/Users/alyssa.delucca/Documents/repos/Brewkit/node_modules/jest-jasmine2/build/jasmineAsyncInstall.js:102:37)\n    at /Users/alyssa.delucca/Documents/repos/Brewkit/node_modules/jest-jasmine2/build/queueRunner.js:43:12\n    at new Promise (<anonymous>)\n    at mapper (/Users/alyssa.delucca/Documents/repos/Brewkit/node_modules/jest-jasmine2/build/queueRunner.js:26:19)\n    at /Users/alyssa.delucca/Documents/repos/Brewkit/node_modules/jest-jasmine2/build/queueRunner.js:73:41\n    at processTicksAndRejections (internal/process/task_queues.js:93:5)"],"fullName":"Breadcrumb renders correctly","location":null,"status":"failed","title":"renders correctly"},{"ancestorTitles":["Breadcrumb"],"failureMessages":[],"fullName":"Breadcrumb mounts correctly","location":null,"status":"passed","title":"mounts correctly"},{"ancestorTitles":["Breadcrumb"],"failureMessages":[],"fullName":"Breadcrumb correctly adds a className","location":null,"status":"passed","title":"correctly adds a className"},{"ancestorTitles":["Breadcrumb"],"failureMessages":["Error: \u001b[2mexpect(\u001b[22m\u001b[31mreceived\u001b[39m\u001b[2m).\u001b[22mtoBe\u001b[2m(\u001b[22m\u001b[32mexpected\u001b[39m\u001b[2m) // Object.is equality\u001b[22m\n\nExpected: \u001b[32mtrue\u001b[39m\nReceived: \u001b[31mfalse\u001b[39m\n    at Object.<anonymous> (/Users/alyssa.delucca/Documents/repos/Brewkit/src/components/Breadcrumb/test.tsx:30:67)\n    at Object.asyncJestTest (/Users/alyssa.delucca/Documents/repos/Brewkit/node_modules/jest-jasmine2/build/jasmineAsyncInstall.js:102:37)\n    at /Users/alyssa.delucca/Documents/repos/Brewkit/node_modules/jest-jasmine2/build/queueRunner.js:43:12\n    at new Promise (<anonymous>)\n    at mapper (/Users/alyssa.delucca/Documents/repos/Brewkit/node_modules/jest-jasmine2/build/queueRunner.js:26:19)\n    at /Users/alyssa.delucca/Documents/repos/Brewkit/node_modules/jest-jasmine2/build/queueRunner.js:73:41\n    at processTicksAndRejections (internal/process/task_queues.js:93:5)"],"fullName":"Breadcrumb correctly passes divider prop to display","location":null,"status":"failed","title":"correctly passes divider prop to display"}],"endTime":1578416168172,"message":"\u001b[1m\u001b[31m  \u001b[1m● \u001b[1mBreadcrumb › renders correctly\u001b[39m\u001b[22m\n\n    \u001b[2mexpect(\u001b[22m\u001b[31mreceived\u001b[39m\u001b[2m).\u001b[22mtoMatchSnapshot\u001b[2m()\u001b[22m\n\n    Snapshot name: `Breadcrumb renders correctly 1`\n\n    \u001b[32m- Snapshot\u001b[39m\n    \u001b[31m+ Received\u001b[39m\n\n    \u001b[33m@@ -2,8 +2,18 @@\u001b[39m\n    \u001b[2m    className=\"brew-Breadcrumb\"\u001b[22m\n    \u001b[2m  >\u001b[22m\n    \u001b[2m    <span\u001b[22m\n    \u001b[2m      className=\"brew-Typography brew-Typography--variant-body2 brew-Typography--color-initial brew-Typography--align-inherit brew-Typography--display-initial\"\u001b[22m\n    \u001b[2m    >\u001b[22m\n    \u001b[32m-     Test\u001b[39m\n    \u001b[31m+     /* ** Only return router link when URL is passed ** Or when entry is not last in the list, ** Otherwise make it plain text */\u001b[39m\n    \u001b[31m+     <p\u001b[39m\n    \u001b[31m+       className=\"brew-Typography brew-Typography--variant-inherit brew-Typography--color-initial brew-Typography--align-inherit brew-Typography--display-initial\"\u001b[39m\n    \u001b[31m+     >\u001b[39m\n    \u001b[31m+       Test\u001b[39m\n    \u001b[31m+     </p>\u001b[39m\n    \u001b[31m+     <span\u001b[39m\n    \u001b[31m+       className=\"brew-Breadcrumb--separator\"\u001b[39m\n    \u001b[31m+     >\u001b[39m\n    \u001b[31m+       /\u001b[39m\n    \u001b[31m+     </span>\u001b[39m\n    \u001b[2m    </span>\u001b[22m\n    \u001b[2m  </div>\u001b[22m\n\u001b[2m\u001b[22m\n\u001b[2m    \u001b[0m \u001b[90m 11 | \u001b[39m            \u001b[33m.\u001b[39mcreate(\u001b[33m<\u001b[39m\u001b[33mBreadcrumb\u001b[39m crumbs\u001b[33m=\u001b[39m{[{ title\u001b[33m:\u001b[39m \u001b[32m'Test'\u001b[39m }]} \u001b[33m/\u001b[39m\u001b[33m>\u001b[39m)\u001b[0m\u001b[22m\n\u001b[2m    \u001b[0m \u001b[90m 12 | \u001b[39m            \u001b[33m.\u001b[39mtoJSON()\u001b[33m;\u001b[39m\u001b[0m\u001b[22m\n\u001b[2m    \u001b[0m\u001b[31m\u001b[1m>\u001b[2m\u001b[39m\u001b[90m 13 | \u001b[39m        expect(tree)\u001b[33m.\u001b[39mtoMatchSnapshot()\u001b[33m;\u001b[39m\u001b[0m\u001b[22m\n\u001b[2m    \u001b[0m \u001b[90m    | \u001b[39m                     \u001b[31m\u001b[1m^\u001b[2m\u001b[39m\u001b[0m\u001b[22m\n\u001b[2m    \u001b[0m \u001b[90m 14 | \u001b[39m    })\u001b[33m;\u001b[39m\u001b[0m\u001b[22m\n\u001b[2m    \u001b[0m \u001b[90m 15 | \u001b[39m\u001b[0m\u001b[22m\n\u001b[2m    \u001b[0m \u001b[90m 16 | \u001b[39m    it(\u001b[32m'mounts correctly'\u001b[39m\u001b[33m,\u001b[39m () \u001b[33m=>\u001b[39m {\u001b[0m\u001b[22m\n\u001b[2m\u001b[22m\n\u001b[2m      \u001b[2mat Object.<anonymous> (\u001b[2m\u001b[0m\u001b[36msrc/components/Breadcrumb/test.tsx\u001b[39m\u001b[0m\u001b[2m:13:22)\u001b[2m\u001b[22m\n\n\u001b[1m\u001b[31m  \u001b[1m● \u001b[1mBreadcrumb › correctly passes divider prop to display\u001b[39m\u001b[22m\n\n    \u001b[2mexpect(\u001b[22m\u001b[31mreceived\u001b[39m\u001b[2m).\u001b[22mtoBe\u001b[2m(\u001b[22m\u001b[32mexpected\u001b[39m\u001b[2m) // Object.is equality\u001b[22m\n\n    Expected: \u001b[32mtrue\u001b[39m\n    Received: \u001b[31mfalse\u001b[39m\n\u001b[2m\u001b[22m\n\u001b[2m    \u001b[0m \u001b[90m 28 | \u001b[39m        \u001b[36mconst\u001b[39m divider \u001b[33m=\u001b[39m (\u001b[33m<\u001b[39m\u001b[33m>\u001b[39m\u001b[33m*\u001b[39m\u001b[33m<\u001b[39m\u001b[33m/\u001b[39m\u001b[33m>\u001b[39m)\u001b[33m;\u001b[39m\u001b[0m\u001b[22m\n\u001b[2m    \u001b[0m \u001b[90m 29 | \u001b[39m        \u001b[36mconst\u001b[39m breadcrumb \u001b[33m=\u001b[39m shallow(\u001b[33m<\u001b[39m\u001b[33mBreadcrumb\u001b[39m crumbs\u001b[33m=\u001b[39m{[{ title\u001b[33m:\u001b[39m \u001b[32m'Test'\u001b[39m }]} divider\u001b[33m=\u001b[39m{divider} \u001b[33m/\u001b[39m\u001b[33m>\u001b[39m)\u001b[33m;\u001b[39m\u001b[0m\u001b[22m\n\u001b[2m    \u001b[0m\u001b[31m\u001b[1m>\u001b[2m\u001b[39m\u001b[90m 30 | \u001b[39m        expect(breadcrumb\u001b[33m.\u001b[39mhasClass(\u001b[32m'brew-Breadcrumb--separator'\u001b[39m))\u001b[33m.\u001b[39mtoBe(\u001b[36mtrue\u001b[39m)\u001b[33m;\u001b[39m\u001b[0m\u001b[22m\n\u001b[2m    \u001b[0m \u001b[90m    | \u001b[39m                                                                  \u001b[31m\u001b[1m^\u001b[2m\u001b[39m\u001b[0m\u001b[22m\n\u001b[2m    \u001b[0m \u001b[90m 31 | \u001b[39m    })\u001b[33m;\u001b[39m\u001b[0m\u001b[22m\n\u001b[2m    \u001b[0m \u001b[90m 32 | \u001b[39m\u001b[0m\u001b[22m\n\u001b[2m    \u001b[0m \u001b[90m 33 | \u001b[39m})\u001b[33m;\u001b[39m\u001b[0m\u001b[22m\n\u001b[2m\u001b[22m\n\u001b[2m      \u001b[2mat Object.<anonymous> (\u001b[2m\u001b[0m\u001b[36msrc/components/Breadcrumb/test.tsx\u001b[39m\u001b[0m\u001b[2m:30:67)\u001b[2m\u001b[22m\n","name":"/Users/alyssa.delucca/Documents/repos/Brewkit/src/components/Breadcrumb/test.tsx","startTime":1578416165050,"status":"failed","summary":""}],"wasInterrupted":false}
